\BOOKMARK [1][-]{section.1}{Education}{}% 1
\BOOKMARK [1][-]{section.2}{Competitive Grants Awarded}{}% 2
\BOOKMARK [1][-]{section.3}{Competitive Grant Proposals Awarded, collaborator}{}% 3
\BOOKMARK [1][-]{section.4}{Journal publications}{}% 4
\BOOKMARK [1][-]{section.5}{Book chapers}{}% 5
\BOOKMARK [1][-]{section.6}{Refereed conference publications}{}% 6
\BOOKMARK [1][-]{section.7}{Non-refereed conference publications}{}% 7
\BOOKMARK [1][-]{section.8}{Software releases}{}% 8
\BOOKMARK [1][-]{section.9}{Data releases}{}% 9
\BOOKMARK [1][-]{section.10}{Invited Talks}{}% 10
\BOOKMARK [1][-]{section.11}{Agency/Location presentations}{}% 11
\BOOKMARK [1][-]{section.12}{Conference presentations not represented elsewhere}{}% 12
\BOOKMARK [1][-]{section.13}{Posters}{}% 13
\BOOKMARK [1][-]{section.14}{Features in trade press}{}% 14
\BOOKMARK [1][-]{section.15}{ Radio Interviews}{}% 15
\BOOKMARK [1][-]{section.16}{Professional awards}{}% 16
\BOOKMARK [1][-]{section.17}{Teaching Experience}{}% 17
\BOOKMARK [1][-]{section.18}{Related Professional Skills}{}% 18
\BOOKMARK [1][-]{section.19}{Service}{}% 19
\BOOKMARK [2][-]{subsection.19.1}{Positions}{section.19}% 20
\BOOKMARK [2][-]{subsection.19.2}{Editing}{section.19}% 21
\BOOKMARK [2][-]{subsection.19.3}{Program committees}{section.19}% 22
\BOOKMARK [2][-]{subsection.19.4}{Peer review: Conferences}{section.19}% 23
\BOOKMARK [2][-]{subsection.19.5}{Peer review: Journals}{section.19}% 24
\BOOKMARK [2][-]{subsection.19.6}{Peer review: Grant panels}{section.19}% 25
\BOOKMARK [2][-]{subsection.19.7}{Agency/Location Service}{section.19}% 26
\BOOKMARK [2][-]{subsection.19.8}{Community Involvement}{section.19}% 27
\BOOKMARK [2][-]{subsection.19.9}{Service, other}{section.19}% 28
\BOOKMARK [1][-]{section.20}{Professional Memberships}{}% 29
